<?xml version="1.0" encoding="UTF-8"?>
<!-- Generated by org.testng.reporters.JUnitReportReporter -->
<testsuite hostname="ASCINLAP61582" failures="0" tests="3" name="tests.LoginTest" time="96.563" errors="0" timestamp="2025-05-21T12:53:57 IST" skipped="0">
  <testcase classname="tests.LoginTest" name="testLogin" time="40.081"/>
  <testcase classname="tests.LoginTest" name="testInvalidUsername" time="29.171"/>
  <testcase classname="tests.LoginTest" name="testInvalidPassword" time="27.311"/>
</testsuite> <!-- tests.LoginTest -->
