<?xml version="1.0" encoding="UTF-8"?>
<!-- Generated by org.testng.reporters.JUnitReportReporter -->
<testsuite hostname="ASCINLAP61582" failures="0" tests="4" name="tests.OptionalFunctionalityTest" time="109.068" errors="0" timestamp="2025-05-21T13:05:31 IST" skipped="0">
  <testcase classname="tests.OptionalFunctionalityTest" name="testActionExample" time="23.279"/>
  <testcase classname="tests.OptionalFunctionalityTest" name="testIFrameExample" time="25.971"/>
  <testcase classname="tests.OptionalFunctionalityTest" name="testWindowsExample" time="37.518"/>
  <testcase classname="tests.OptionalFunctionalityTest" name="testAlertExample" time="22.300"/>
</testsuite> <!-- tests.OptionalFunctionalityTest -->
