<?xml version="1.0" encoding="UTF-8"?>
<testsuite name="TestSuite" time="174.299" tests="11" errors="0" skipped="0" failures="0">
  <properties>
    <property name="java.runtime.name" value="OpenJDK Runtime Environment"/>
    <property name="java.vm.version" value="11.0.26+4-adhoc..jdk11u"/>
    <property name="sun.boot.library.path" value="C:\Users\krishna.gangisetty\Downloads\JDK11\Java11\bin"/>
    <property name="maven.multiModuleProjectDirectory" value="C:\Users\krishna.gangisetty\eclipse-workspace\capstone"/>
    <property name="java.vm.vendor" value="OpenLogic"/>
    <property name="java.vendor.url" value="https://openlogic.com/"/>
    <property name="guice.disable.misplaced.annotation.check" value="true"/>
    <property name="path.separator" value=";"/>
    <property name="java.vm.name" value="OpenJDK 64-Bit Server VM"/>
    <property name="sun.os.patch.level" value=""/>
    <property name="user.script" value=""/>
    <property name="user.country" value="IN"/>
    <property name="sun.java.launcher" value="SUN_STANDARD"/>
    <property name="java.vm.specification.name" value="Java Virtual Machine Specification"/>
    <property name="user.dir" value="C:\Users\krishna.gangisetty\eclipse-workspace\capstone"/>
    <property name="java.vm.compressedOopsMode" value="Zero based"/>
    <property name="java.runtime.version" value="11.0.26+4-adhoc..jdk11u"/>
    <property name="java.awt.graphicsenv" value="sun.awt.Win32GraphicsEnvironment"/>
    <property name="os.arch" value="amd64"/>
    <property name="java.io.tmpdir" value="C:\Users\KRISHN~1.GAN\AppData\Local\Temp\"/>
    <property name="line.separator" value="&#10;"/>
    <property name="java.vm.specification.vendor" value="Oracle Corporation"/>
    <property name="user.variant" value=""/>
    <property name="os.name" value="Windows 11"/>
    <property name="classworlds.conf" value="C:\Users\krishna.gangisetty\Downloads\apache-maven-3.9.9-bin\apache-maven-3.9.9\bin\m2.conf"/>
    <property name="sun.jnu.encoding" value="Cp1252"/>
    <property name="java.library.path" value="C:\Users\krishna.gangisetty\Downloads\JDK11\Java11\bin;C:\Windows\Sun\Java\bin;C:\Windows\system32;C:\Windows;C:\Windows\system32;C:\Windows;C:\Windows\System32\Wbem;C:\Windows\System32\WindowsPowerShell\v1.0\;C:\Windows\System32\OpenSSH\;C:\Program Files\nodejs\;C:\Users\krishna.gangisetty\Downloads\JDK11\Java11\bin;C:\Users\krishna.gangisetty\Downloads\apache-maven-3.9.9-bin\apache-maven-3.9.9\bin;C:\Users\krishna.gangisetty\AppData\Local\Android\Sdk\tools\bin\uiautomatorviewer.bat;C:\Users\krishna.gangisetty\Downloads\apache-jmeter-5.6.3\apache-jmeter-5.6.3\bin;C:\Users\krishna.gangisetty\AppData\Local\Programs\Python\Python313\Scripts\;C:\Users\krishna.gangisetty\AppData\Local\Programs\Python\Python313\;C:\Users\krishna.gangisetty\AppData\Local\Programs\Python\Launcher\;C:\Users\krishna.gangisetty\AppData\Local\Microsoft\WindowsApps;C:\Users\krishna.gangisetty\AppData\Roaming\npm;C:\Users\krishna.gangisetty\AppData\Local\Programs\mongosh\;C:\Users\krishna.gangisetty\AppData\Local\Programs\Git\cmd;C:\Users\krishna.gangisetty\AppData\Local\Programs\Microsoft VS Code\bin;C:\Users\krishna.gangisetty\AppData\Local\GitHubDesktop\bin;."/>
    <property name="maven.conf" value="C:\Users\krishna.gangisetty\Downloads\apache-maven-3.9.9-bin\apache-maven-3.9.9/conf"/>
    <property name="jdk.debug" value="release"/>
    <property name="java.class.version" value="55.0"/>
    <property name="java.specification.name" value="Java Platform API Specification"/>
    <property name="sun.management.compiler" value="HotSpot 64-Bit Tiered Compilers"/>
    <property name="os.version" value="10.0"/>
    <property name="library.jansi.path" value="C:\Users\krishna.gangisetty\Downloads\apache-maven-3.9.9-bin\apache-maven-3.9.9\lib\jansi-native"/>
    <property name="user.home" value="C:\Users\krishna.gangisetty"/>
    <property name="user.timezone" value="Asia/Calcutta"/>
    <property name="java.awt.printerjob" value="sun.awt.windows.WPrinterJob"/>
    <property name="file.encoding" value="Cp1252"/>
    <property name="java.specification.version" value="11"/>
    <property name="user.name" value="krishna.gangisetty"/>
    <property name="java.class.path" value="C:\Users\krishna.gangisetty\Downloads\apache-maven-3.9.9-bin\apache-maven-3.9.9\boot\plexus-classworlds-2.8.0.jar"/>
    <property name="java.vm.specification.version" value="11"/>
    <property name="sun.arch.data.model" value="64"/>
    <property name="sun.java.command" value="org.codehaus.plexus.classworlds.launcher.Launcher clean install"/>
    <property name="java.home" value="C:\Users\krishna.gangisetty\Downloads\JDK11\Java11"/>
    <property name="user.language" value="en"/>
    <property name="java.specification.vendor" value="Oracle Corporation"/>
    <property name="awt.toolkit" value="sun.awt.windows.WToolkit"/>
    <property name="java.vm.info" value="mixed mode"/>
    <property name="java.version" value="11.0.26"/>
    <property name="java.vendor" value="OpenLogic"/>
    <property name="java.specification.maintenance.version" value="3"/>
    <property name="maven.home" value="C:\Users\krishna.gangisetty\Downloads\apache-maven-3.9.9-bin\apache-maven-3.9.9"/>
    <property name="file.separator" value="\"/>
    <property name="java.version.date" value="2025-01-21"/>
    <property name="java.vendor.url.bug" value="https://techsupport.roguewave.com/"/>
    <property name="sun.io.unicode.encoding" value="UnicodeLittle"/>
    <property name="sun.cpu.endian" value="little"/>
    <property name="java.vendor.version" value="OpenLogic-OpenJDK"/>
    <property name="sun.desktop" value="windows"/>
    <property name="sun.cpu.isalist" value="amd64"/>
  </properties>
  <testcase name="testLogin" classname="tests.LoginTest" time="27.046"/>
  <testcase name="testInvalidUsername" classname="tests.LoginTest" time="19.547"/>
  <testcase name="testInvalidPassword" classname="tests.LoginTest" time="18.492"/>
  <testcase name="testFormSubmission" classname="tests.CombinedTest" time="11.075"/>
  <testcase name="testFormSubmissionNegative" classname="tests.CombinedTest" time="16.765"/>
  <testcase name="testSearchFunctionality" classname="tests.CombinedTest" time="11.34"/>
  <testcase name="testSearchNegative" classname="tests.CombinedTest" time="9.691"/>
  <testcase name="testActionExample" classname="tests.OptionalFunctionalityTest" time="14.835"/>
  <testcase name="testIFrameExample" classname="tests.OptionalFunctionalityTest" time="10.607"/>
  <testcase name="testWindowsExample" classname="tests.OptionalFunctionalityTest" time="23.067"/>
  <testcase name="testAlertExample" classname="tests.OptionalFunctionalityTest" time="11.834"/>
</testsuite>