<?xml version="1.0" encoding="UTF-8"?>
<!-- Generated by org.testng.reporters.JUnitReportReporter -->
<testsuite hostname="ASCINLAP61582" failures="0" tests="3" name="tests.LoginTest" time="92.362" errors="0" timestamp="2025-05-23T18:04:47 IST" skipped="0">
  <testcase classname="tests.LoginTest" name="testLogin" time="38.298"/>
  <testcase classname="tests.LoginTest" name="testInvalidUsername" time="27.840"/>
  <testcase classname="tests.LoginTest" name="testInvalidPassword" time="26.224"/>
</testsuite> <!-- tests.LoginTest -->
