<?xml version="1.0" encoding="UTF-8"?>
<!-- Generated by org.testng.reporters.JUnitReportReporter -->
<testsuite hostname="ASCINLAP61582" failures="0" tests="4" name="tests.CombinedTest" time="80.676" errors="0" timestamp="2025-05-23T18:04:47 IST" skipped="0">
  <testcase classname="tests.CombinedTest" name="testFormSubmission" time="18.390"/>
  <testcase classname="tests.CombinedTest" name="testFormSubmissionNegative" time="24.407"/>
  <testcase classname="tests.CombinedTest" name="testSearchFunctionality" time="19.742"/>
  <testcase classname="tests.CombinedTest" name="testSearchNegative" time="18.137"/>
</testsuite> <!-- tests.CombinedTest -->
