<?xml version="1.0" encoding="UTF-8"?>
<!-- Generated by org.testng.reporters.JUnitReportReporter -->
<testsuite hostname="ASCINLAP61582" failures="0" tests="4" name="tests.OptionalFunctionalityTest" time="94.858" errors="0" timestamp="2025-05-23T18:04:47 IST" skipped="0">
  <testcase classname="tests.OptionalFunctionalityTest" name="testActionExample" time="23.100"/>
  <testcase classname="tests.OptionalFunctionalityTest" name="testIFrameExample" time="18.600"/>
  <testcase classname="tests.OptionalFunctionalityTest" name="testWindowsExample" time="32.250"/>
  <testcase classname="tests.OptionalFunctionalityTest" name="testAlertExample" time="20.908"/>
</testsuite> <!-- tests.OptionalFunctionalityTest -->
